<?xml version="1.0" encoding="UTF-8"?>
<!-- Generated by org.testng.reporters.JUnitReportReporter -->
<testsuite skipped="0" hostname="LAPTOP-30234SKR" name="appTest.NewTest" tests="1" failures="0" timestamp="20 Jul 2017 11:59:12 GMT" time="72.341" errors="0">
  <testcase name="f" time="72.341" classname="appTest.NewTest"/>
</testsuite> <!-- appTest.NewTest -->
