<?xml version="1.0" encoding="UTF-8"?>
<!-- Generated by org.testng.reporters.JUnitReportReporter -->
<testsuite skipped="0" hostname="LAPTOP-30234SKR" name="appTest.NewTest1" tests="1" failures="0" timestamp="12 Jul 2017 10:26:24 GMT" time="32.028" errors="0">
  <testcase name="LaunchApps" time="32.028" classname="appTest.NewTest1"/>
</testsuite> <!-- appTest.NewTest1 -->
