<?xml version="1.0" encoding="UTF-8"?>
<!-- Generated by org.testng.reporters.JUnitReportReporter -->
<testsuite skipped="0" hostname="LAPTOP-30234SKR" name="appTest.NewTest2" tests="1" failures="0" timestamp="18 Jul 2017 11:40:08 GMT" time="17.274" errors="0">
  <testcase name="makePhoneCall" time="17.274" classname="appTest.NewTest2"/>
</testsuite> <!-- appTest.NewTest2 -->
