<?xml version="1.0" encoding="UTF-8"?>
<!-- Generated by org.testng.reporters.JUnitReportReporter -->
<testsuite skipped="0" hostname="LAPTOP-30234SKR" name="appTest.Scroll" tests="1" failures="0" timestamp="18 Jul 2017 10:08:43 GMT" time="48.478" errors="0">
  <testcase name="scroll" time="48.478" classname="appTest.Scroll"/>
</testsuite> <!-- appTest.Scroll -->
